<?xml version="1.0" encoding="UTF-8"?>
<testsuite name="agh.ics.oop.MapDirectionTest" tests="2" skipped="0" failures="0" errors="0" timestamp="2022-10-25T11:28:04" hostname="computer" time="0.035">
  <properties/>
  <testcase name="testMethodPrevious()" classname="agh.ics.oop.MapDirectionTest" time="0.032"/>
  <testcase name="testMethodNext()" classname="agh.ics.oop.MapDirectionTest" time="0.002"/>
  <system-out><![CDATA[]]></system-out>
  <system-err><![CDATA[]]></system-err>
</testsuite>
