<?xml version="1.0" encoding="UTF-8"?>
<testsuite name="agh.ics.oop.SimulationEngineTest" tests="1" skipped="0" failures="0" errors="0" timestamp="2022-11-15T11:27:16" hostname="computer" time="0.065">
  <properties/>
  <testcase name="testRun()" classname="agh.ics.oop.SimulationEngineTest" time="0.065"/>
  <system-out><![CDATA[ y\x  0 1 2 3 4 5 6 7 8 9
  5: ---------------------
  4: | | | |N| | | | | | |
  3: | | | | | | | | | | |
  2: | | |N| | | | | | | |
  1: | | | | | | | | | | |
  0: | | | | | | | | | | |
 -1: ---------------------

 y\x  0 1 2 3 4 5 6 7 8 9
  5: ---------------------
  4: | | | |N| | | | | | |
  3: | | |N| | | | | | | |
  2: | | | | | | | | | | |
  1: | | | | | | | | | | |
  0: | | | | | | | | | | |
 -1: ---------------------

 y\x  0 1 2 3 4 5 6 7 8 9
  5: ---------------------
  4: | | | | | | | | | | |
  3: | | |N|N| | | | | | |
  2: | | | | | | | | | | |
  1: | | | | | | | | | | |
  0: | | | | | | | | | | |
 -1: ---------------------

 y\x  0 1 2 3 4 5 6 7 8 9
  5: ---------------------
  4: | | | | | | | | | | |
  3: | | |E|N| | | | | | |
  2: | | | | | | | | | | |
  1: | | | | | | | | | | |
  0: | | | | | | | | | | |
 -1: ---------------------

 y\x  0 1 2 3 4 5 6 7 8 9
  5: ---------------------
  4: | | | | | | | | | | |
  3: | | |E|W| | | | | | |
  2: | | | | | | | | | | |
  1: | | | | | | | | | | |
  0: | | | | | | | | | | |
 -1: ---------------------

 y\x  0 1 2 3 4 5 6 7 8 9
  5: ---------------------
  4: | | | | | | | | | | |
  3: | | |E|W| | | | | | |
  2: | | | | | | | | | | |
  1: | | | | | | | | | | |
  0: | | | | | | | | | | |
 -1: ---------------------

 y\x  0 1 2 3 4 5 6 7 8 9
  5: ---------------------
  4: | | | | | | | | | | |
  3: | | |E|W| | | | | | |
  2: | | | | | | | | | | |
  1: | | | | | | | | | | |
  0: | | | | | | | | | | |
 -1: ---------------------

 y\x  0 1 2 3 4 5 6 7 8 9
  5: ---------------------
  4: | | | | | | | | | | |
  3: | | |S|W| | | | | | |
  2: | | | | | | | | | | |
  1: | | | | | | | | | | |
  0: | | | | | | | | | | |
 -1: ---------------------

 y\x  0 1 2 3 4 5 6 7 8 9
  5: ---------------------
  4: | | | | | | | | | | |
  3: | | |S|N| | | | | | |
  2: | | | | | | | | | | |
  1: | | | | | | | | | | |
  0: | | | | | | | | | | |
 -1: ---------------------

 y\x  0 1 2 3 4 5 6 7 8 9
  5: ---------------------
  4: | | | | | | | | | | |
  3: | | | |N| | | | | | |
  2: | | |S| | | | | | | |
  1: | | | | | | | | | | |
  0: | | | | | | | | | | |
 -1: ---------------------

 y\x  0 1 2 3 4 5 6 7 8 9
  5: ---------------------
  4: | | | |N| | | | | | |
  3: | | | | | | | | | | |
  2: | | |S| | | | | | | |
  1: | | | | | | | | | | |
  0: | | | | | | | | | | |
 -1: ---------------------

 y\x  0 1 2 3 4 5 6 7 8 9
  5: ---------------------
  4: | | | |N| | | | | | |
  3: | | | | | | | | | | |
  2: | | | | | | | | | | |
  1: | | |S| | | | | | | |
  0: | | | | | | | | | | |
 -1: ---------------------

 y\x  0 1 2 3 4 5 6 7 8 9
  5: ---------------------
  4: | | | |N| | | | | | |
  3: | | | | | | | | | | |
  2: | | | | | | | | | | |
  1: | | |S| | | | | | | |
  0: | | | | | | | | | | |
 -1: ---------------------

 y\x  0 1 2 3 4 5 6 7 8 9
  5: ---------------------
  4: | | | |N| | | | | | |
  3: | | | | | | | | | | |
  2: | | | | | | | | | | |
  1: | | | | | | | | | | |
  0: | | |S| | | | | | | |
 -1: ---------------------

 y\x  0 1 2 3 4 5 6 7 8 9
  5: ---------------------
  4: | | | |N| | | | | | |
  3: | | | | | | | | | | |
  2: | | | | | | | | | | |
  1: | | | | | | | | | | |
  0: | | |S| | | | | | | |
 -1: ---------------------

 y\x  0 1 2 3 4 5 6 7 8 9
  5: ---------------------
  4: | | | |N| | | | | | |
  3: | | | | | | | | | | |
  2: | | | | | | | | | | |
  1: | | | | | | | | | | |
  0: | | |S| | | | | | | |
 -1: ---------------------

 y\x  0 1 2 3 4 5 6 7 8 9
  5: ---------------------
  4: | | | |N| | | | | | |
  3: | | | | | | | | | | |
  2: | | | | | | | | | | |
  1: | | | | | | | | | | |
  0: | | |S| | | | | | | |
 -1: ---------------------

]]></system-out>
  <system-err><![CDATA[]]></system-err>
</testsuite>
